----------------------------------------------------------------
Mon Oct 17 10:33:35 CST 2022:
Booting Derby version The Apache Software Foundation - Apache Derby - 10.14.2.0 - (1828579): instance a816c00e-0183-e3c9-e484-000002299828 
on database directory memory:D:\tongtong\SpringBoot\spring-boot-crystal-reports-jsp-demo-master\efae56bd-6e74-47fb-adb7-ebbfcd5bd2b9 with class loader jdk.internal.loader.ClassLoaders$AppClassLoader@69663380 
Loaded from file:/D:/tongtong/SpringBoot/spring-boot-crystal-reports-jsp-demo-master/lib/derby.jar
java.vendor=Oracle Corporation
java.runtime.version=11.0.16.1+1-LTS-1
user.dir=D:\tongtong\SpringBoot\spring-boot-crystal-reports-jsp-demo-master
os.name=Windows 10
os.arch=amd64
os.version=10.0
derby.system.home=null
Database Class Loader started - derby.database.classpath=''
----------------------------------------------------------------
Mon Oct 17 10:33:35 CST 2022:
Shutting down instance a816c00e-0183-e3c9-e484-000002299828 on database directory memory:D:\tongtong\SpringBoot\spring-boot-crystal-reports-jsp-demo-master\efae56bd-6e74-47fb-adb7-ebbfcd5bd2b9 with class loader jdk.internal.loader.ClassLoaders$AppClassLoader@69663380 
----------------------------------------------------------------
Mon Oct 17 10:33:35 CST 2022:
Booting Derby version The Apache Software Foundation - Apache Derby - 10.14.2.0 - (1828579): instance 0ddd00a9-0183-e3c9-e484-000002299828 
on database directory memory:D:\tongtong\SpringBoot\spring-boot-crystal-reports-jsp-demo-master\efae56bd-6e74-47fb-adb7-ebbfcd5bd2b9 with class loader jdk.internal.loader.ClassLoaders$AppClassLoader@69663380 
Loaded from file:/D:/tongtong/SpringBoot/spring-boot-crystal-reports-jsp-demo-master/lib/derby.jar
java.vendor=Oracle Corporation
java.runtime.version=11.0.16.1+1-LTS-1
user.dir=D:\tongtong\SpringBoot\spring-boot-crystal-reports-jsp-demo-master
os.name=Windows 10
os.arch=amd64
os.version=10.0
derby.system.home=null
Database Class Loader started - derby.database.classpath=''
----------------------------------------------------------------
Mon Oct 17 10:38:14 CST 2022:
Booting Derby version The Apache Software Foundation - Apache Derby - 10.14.2.0 - (1828579): instance 560740aa-0183-e3c9-e484-000002299828 
on database directory memory:D:\tongtong\SpringBoot\spring-boot-crystal-reports-jsp-demo-master\525ba2ca-7058-4cd3-a9ca-61bd9653296c with class loader jdk.internal.loader.ClassLoaders$AppClassLoader@69663380 
Loaded from file:/D:/tongtong/SpringBoot/spring-boot-crystal-reports-jsp-demo-master/lib/derby.jar
java.vendor=Oracle Corporation
java.runtime.version=11.0.16.1+1-LTS-1
user.dir=D:\tongtong\SpringBoot\spring-boot-crystal-reports-jsp-demo-master
os.name=Windows 10
os.arch=amd64
os.version=10.0
derby.system.home=null
Database Class Loader started - derby.database.classpath=''
----------------------------------------------------------------
Mon Oct 17 10:38:14 CST 2022:
Shutting down instance 560740aa-0183-e3c9-e484-000002299828 on database directory memory:D:\tongtong\SpringBoot\spring-boot-crystal-reports-jsp-demo-master\525ba2ca-7058-4cd3-a9ca-61bd9653296c with class loader jdk.internal.loader.ClassLoaders$AppClassLoader@69663380 
----------------------------------------------------------------
Mon Oct 17 10:38:14 CST 2022:
Booting Derby version The Apache Software Foundation - Apache Derby - 10.14.2.0 - (1828579): instance 736a8145-0183-e3c9-e484-000002299828 
on database directory memory:D:\tongtong\SpringBoot\spring-boot-crystal-reports-jsp-demo-master\525ba2ca-7058-4cd3-a9ca-61bd9653296c with class loader jdk.internal.loader.ClassLoaders$AppClassLoader@69663380 
Loaded from file:/D:/tongtong/SpringBoot/spring-boot-crystal-reports-jsp-demo-master/lib/derby.jar
java.vendor=Oracle Corporation
java.runtime.version=11.0.16.1+1-LTS-1
user.dir=D:\tongtong\SpringBoot\spring-boot-crystal-reports-jsp-demo-master
os.name=Windows 10
os.arch=amd64
os.version=10.0
derby.system.home=null
Database Class Loader started - derby.database.classpath=''
----------------------------------------------------------------
Mon Oct 17 10:39:06 CST 2022:
Booting Derby version The Apache Software Foundation - Apache Derby - 10.14.2.0 - (1828579): instance 1bbbc146-0183-e3c9-e484-000002299828 
on database directory memory:D:\tongtong\SpringBoot\spring-boot-crystal-reports-jsp-demo-master\488eec01-b568-4444-b2f6-76f728454a5c with class loader jdk.internal.loader.ClassLoaders$AppClassLoader@69663380 
Loaded from file:/D:/tongtong/SpringBoot/spring-boot-crystal-reports-jsp-demo-master/lib/derby.jar
java.vendor=Oracle Corporation
java.runtime.version=11.0.16.1+1-LTS-1
user.dir=D:\tongtong\SpringBoot\spring-boot-crystal-reports-jsp-demo-master
os.name=Windows 10
os.arch=amd64
os.version=10.0
derby.system.home=null
Database Class Loader started - derby.database.classpath=''
----------------------------------------------------------------
Mon Oct 17 10:39:06 CST 2022:
Shutting down instance 1bbbc146-0183-e3c9-e484-000002299828 on database directory memory:D:\tongtong\SpringBoot\spring-boot-crystal-reports-jsp-demo-master\488eec01-b568-4444-b2f6-76f728454a5c with class loader jdk.internal.loader.ClassLoaders$AppClassLoader@69663380 
----------------------------------------------------------------
Mon Oct 17 10:39:06 CST 2022:
Booting Derby version The Apache Software Foundation - Apache Derby - 10.14.2.0 - (1828579): instance f0bc01e1-0183-e3c9-e484-000002299828 
on database directory memory:D:\tongtong\SpringBoot\spring-boot-crystal-reports-jsp-demo-master\488eec01-b568-4444-b2f6-76f728454a5c with class loader jdk.internal.loader.ClassLoaders$AppClassLoader@69663380 
Loaded from file:/D:/tongtong/SpringBoot/spring-boot-crystal-reports-jsp-demo-master/lib/derby.jar
java.vendor=Oracle Corporation
java.runtime.version=11.0.16.1+1-LTS-1
user.dir=D:\tongtong\SpringBoot\spring-boot-crystal-reports-jsp-demo-master
os.name=Windows 10
os.arch=amd64
os.version=10.0
derby.system.home=null
Database Class Loader started - derby.database.classpath=''
